-------------------------------------------------------------------------------
Test set: CS2020.assignment1.game.GameTests
-------------------------------------------------------------------------------
Tests run: 4, Failures: 1, Errors: 0, Skipped: 0, Time elapsed: 0.026 s <<< FAILURE! - in CS2020.assignment1.game.GameTests
t1_3(CS2020.assignment1.game.GameTests)  Time elapsed: 0.001 s  <<< FAILURE!
java.lang.AssertionError: [47m[30mT1.3 It seems that the checkAttack method is not working as expected. [0mjava.lang.AssertionError: expected:<false> but was:<true>
	at CS2020.assignment1.game.GameTests.t1_3(GameTests.java:143)

